[2021-12-21 20:51:29 +0000] information/cli: Icinga application loader (version: v2.13.0-145-gcbbaf4eac)
[2021-12-21 20:51:29 +0000] information/cli: Loading configuration file(s).
[2021-12-21 20:51:29 +0000] information/ConfigItem: Committing config item(s).
[2021-12-21 20:51:29 +0000] information/ApiListener: My API identity: icinga2
[2021-12-21 20:51:29 +0000] information/ConfigItem: Instantiated 1 IcingaDB.
[2021-12-21 20:51:29 +0000] information/ConfigItem: Instantiated 1 GraphiteWriter.
[2021-12-21 20:51:29 +0000] information/ConfigItem: Instantiated 1 NotificationComponent.
[2021-12-21 20:51:29 +0000] information/ConfigItem: Instantiated 1 IdoMysqlConnection.
[2021-12-21 20:51:29 +0000] information/ConfigItem: Instantiated 1 CheckerComponent.
[2021-12-21 20:51:29 +0000] information/ConfigItem: Instantiated 1 User.
[2021-12-21 20:51:29 +0000] information/ConfigItem: Instantiated 1 UserGroup.
[2021-12-21 20:51:29 +0000] information/ConfigItem: Instantiated 3 ServiceGroups.
[2021-12-21 20:51:29 +0000] information/ConfigItem: Instantiated 3 TimePeriods.
[2021-12-21 20:51:29 +0000] information/ConfigItem: Instantiated 12 Services.
[2021-12-21 20:51:29 +0000] information/ConfigItem: Instantiated 3 Zones.
[2021-12-21 20:51:29 +0000] information/ConfigItem: Instantiated 1 ScheduledDowntime.
[2021-12-21 20:51:29 +0000] information/ConfigItem: Instantiated 2 HostGroups.
[2021-12-21 20:51:29 +0000] information/ConfigItem: Instantiated 1 Downtime.
[2021-12-21 20:51:29 +0000] information/ConfigItem: Instantiated 2 NotificationCommands.
[2021-12-21 20:51:29 +0000] information/ConfigItem: Instantiated 12 Notifications.
[2021-12-21 20:51:29 +0000] information/ConfigItem: Instantiated 1 IcingaApplication.
[2021-12-21 20:51:29 +0000] information/ConfigItem: Instantiated 2 Hosts.
[2021-12-21 20:51:29 +0000] information/ConfigItem: Instantiated 1 Endpoint.
[2021-12-21 20:51:29 +0000] information/ConfigItem: Instantiated 1 Comment.
[2021-12-21 20:51:29 +0000] information/ConfigItem: Instantiated 2 ApiUsers.
[2021-12-21 20:51:29 +0000] information/ConfigItem: Instantiated 244 CheckCommands.
[2021-12-21 20:51:29 +0000] information/ConfigItem: Instantiated 1 ApiListener.
[2021-12-21 20:51:29 +0000] information/ScriptGlobal: Dumping variables to file '/var/cache/icinga2/icinga2.vars'
[2021-12-21 20:51:29 +0000] information/cli: Finished validating the configuration file(s).
